2011-11-01 20:45:23 weka.gui.Main main
INFO: Logging started
Refreshing GOE props...
!!! weka/gui/GenericPropertiesCreator.excludes
!!! weka/gui/GenericPropertiesCreator.excludes
weka.filters.unsupervised.attribute.NumericToNominal
weka.filters.unsupervised.attribute.RemoveByNameTest
weka.filters.unsupervised.attribute.AddClusterTest
weka.filters.unsupervised.attribute.StringToWordVector
weka.filters.unsupervised.attribute.StandardizeTest
weka.filters.unsupervised.attribute.NumericTransform
weka.filters.unsupervised.attribute.MergeManyValuesTest
weka.filters.unsupervised.attribute.InterquartileRangeTest
weka.filters.unsupervised.attribute.AddID
weka.filters.unsupervised.attribute.RandomProjection
weka.filters.unsupervised.attribute.NormalizeTest
weka.filters.unsupervised.attribute.ReplaceMissingValuesTest
weka.filters.unsupervised.attribute.Obfuscate
weka.filters.unsupervised.attribute.RemoveUselessTest
weka.filters.unsupervised.attribute.TimeSeriesTranslateTest
weka.filters.unsupervised.attribute.PrincipalComponentsTest
weka.filters.unsupervised.attribute.RandomProjectionTest
weka.filters.unsupervised.attribute.AddValuesTest
weka.filters.unsupervised.attribute.SortLabels$CaseSensitiveComparator
weka.filters.unsupervised.attribute.FirstOrder
weka.filters.unsupervised.attribute.Remove
weka.filters.unsupervised.attribute.Center
weka.filters.unsupervised.attribute.PartitionedMultiFilter
weka.filters.unsupervised.attribute.MergeTwoValues
weka.filters.unsupervised.attribute.Copy
weka.filters.unsupervised.attribute.MergeManyValues
weka.filters.unsupervised.attribute.AddCluster
weka.filters.unsupervised.attribute.SwapValues
weka.filters.unsupervised.attribute.KernelFilterTest
weka.filters.unsupervised.attribute.RemoveTypeTest
weka.filters.unsupervised.attribute.AddExpression
weka.filters.unsupervised.attribute.NominalToString
weka.filters.unsupervised.attribute.StringToWordVectorTest
weka.filters.unsupervised.attribute.RandomSubsetTest
weka.filters.unsupervised.attribute.AddExpressionTest
weka.filters.unsupervised.attribute.RemoveByName
weka.filters.unsupervised.attribute.SortLabels
weka.filters.unsupervised.attribute.NumericTransformTest
weka.filters.unsupervised.attribute.StringToNominalTest
weka.filters.unsupervised.attribute.Normalize
weka.filters.unsupervised.attribute.TimeSeriesDelta
weka.filters.unsupervised.attribute.AddIDTest
weka.filters.unsupervised.attribute.CopyTest
weka.filters.unsupervised.attribute.NominalToBinary
weka.filters.unsupervised.attribute.TimeSeriesDeltaTest
weka.filters.unsupervised.attribute.NominalToBinaryTest
weka.filters.unsupervised.attribute.AbstractTimeSeries
weka.filters.unsupervised.attribute.RemoveUseless
weka.filters.unsupervised.attribute.Reorder
weka.filters.unsupervised.attribute.RenameAttributeTest
weka.filters.unsupervised.attribute.ObfuscateTest
weka.filters.unsupervised.attribute.NumericToBinary
weka.filters.unsupervised.attribute.NumericCleanerTest
weka.filters.unsupervised.attribute.RemoveType
weka.filters.unsupervised.attribute.PotentialClassIgnorer
weka.filters.unsupervised.attribute.NumericCleaner
weka.filters.unsupervised.attribute.RandomSubset
weka.filters.unsupervised.attribute.MakeIndicator
weka.filters.unsupervised.attribute.PKIDiscretizeTest
weka.filters.unsupervised.attribute.StringToNominal
weka.filters.unsupervised.attribute.SwapValuesTest
weka.filters.unsupervised.attribute.AddNoiseTest
weka.filters.unsupervised.attribute.ClusterMembershipTest
weka.filters.unsupervised.attribute.MathExpressionTest
weka.filters.unsupervised.attribute.ChangeDateFormat
weka.filters.unsupervised.attribute.NominalToStringTest
weka.filters.unsupervised.attribute.Add
weka.filters.unsupervised.attribute.RemoveTest
weka.filters.unsupervised.attribute.ReplaceMissingValues
weka.filters.unsupervised.attribute.ReorderTest
weka.filters.unsupervised.attribute.NumericToNominalTest
weka.filters.unsupervised.attribute.AddValues
weka.filters.unsupervised.attribute.TimeSeriesTranslate
weka.filters.unsupervised.attribute.Standardize
weka.filters.unsupervised.attribute.SortLabels$CaseInsensitiveComparator
weka.filters.unsupervised.attribute.DiscretizeTest
weka.filters.unsupervised.attribute.ChangeDateFormatTest
weka.filters.unsupervised.attribute.InterquartileRange
weka.filters.unsupervised.attribute.NumericToBinaryTest
weka.filters.unsupervised.attribute.PrincipalComponents
weka.filters.unsupervised.attribute.ClassAssigner
weka.filters.unsupervised.attribute.Discretize
weka.filters.unsupervised.attribute.RenameAttribute
weka.filters.unsupervised.attribute.KernelFilter
weka.filters.unsupervised.attribute.SortLabelsTest
weka.filters.unsupervised.attribute.MathExpression
weka.filters.unsupervised.attribute.StringToWordVector$Count
weka.filters.unsupervised.attribute.PartitionedMultiFilterTest
weka.filters.unsupervised.attribute.AddNoise
weka.filters.unsupervised.attribute.FirstOrderTest
weka.filters.unsupervised.attribute.MakeIndicatorTest
weka.filters.unsupervised.attribute.CenterTest
weka.filters.unsupervised.attribute.AddTest
weka.filters.unsupervised.attribute.ClassAssignerTest
weka.filters.unsupervised.attribute.ClusterMembership
weka.filters.unsupervised.attribute.PKIDiscretize
weka.filters.unsupervised.attribute.MergeTwoValuesTest
weka.filters.unsupervised.instance.RemoveWithValues
weka.filters.unsupervised.instance.NonSparseToSparseTest
weka.filters.unsupervised.instance.Resample
weka.filters.unsupervised.instance.RemoveFrequentValuesTest
weka.filters.unsupervised.instance.RemoveMisclassifiedTest
weka.filters.unsupervised.instance.RemovePercentage
weka.filters.unsupervised.instance.RemoveMisclassified
weka.filters.unsupervised.instance.RemovePercentageTest
weka.filters.unsupervised.instance.SparseToNonSparse
weka.filters.unsupervised.instance.RemoveRangeTest
weka.filters.unsupervised.instance.SubsetByExpressionTest
weka.filters.unsupervised.instance.RandomizeTest
weka.filters.unsupervised.instance.SubsetByExpression
weka.filters.unsupervised.instance.ReservoirSample
weka.filters.unsupervised.instance.ResampleTest
weka.filters.unsupervised.instance.RemoveWithValuesTest
weka.filters.unsupervised.instance.RemoveFolds
weka.filters.unsupervised.instance.RemoveFoldsTest
weka.filters.unsupervised.instance.RemoveRange
weka.filters.unsupervised.instance.Randomize
weka.filters.unsupervised.instance.SparseToNonSparseTest
weka.filters.unsupervised.instance.NonSparseToSparse
weka.filters.unsupervised.instance.ReservoirSampleTest
weka.filters.unsupervised.instance.RemoveFrequentValues
weka.experiment.LearningRateResultProducer
weka.experiment.RemoteExperiment$1
weka.experiment.ResultMatrix
weka.experiment.SplitEvaluator
weka.experiment.Tester
weka.experiment.CrossValidationSplitResultProducer
weka.experiment.ResultMatrixHTML
weka.experiment.PairedTTester$Resultset
weka.experiment.PairedTTester$DatasetSpecifiers
weka.experiment.Stats
weka.experiment.DatabaseUtils
weka.experiment.DatabaseResultListener
weka.experiment.ExplicitTestsetResultProducer
weka.experiment.CrossValidationResultProducer
weka.experiment.InstanceQueryAdapter
weka.experiment.ResultMatrixLatex
weka.experiment.InstanceQuery
weka.experiment.CSVResultListener
weka.experiment.AveragingResultProducer
weka.experiment.PairedStats
weka.experiment.RemoteExperiment
weka.experiment.RemoteExperimentEvent
weka.experiment.CostSensitiveClassifierSplitEvaluator
weka.experiment.OutputZipper
weka.experiment.ResultMatrixSignificance
weka.experiment.RemoteExperimentListener
weka.experiment.RemoteEngine
weka.experiment.TaskStatusInfo
weka.experiment.RegressionSplitEvaluator
weka.experiment.ResultMatrixGnuPlot
weka.experiment.DatabaseResultProducer
weka.experiment.PairedStatsCorrected
weka.experiment.PairedTTester
weka.experiment.PairedTTester$Dataset
weka.experiment.PropertyNode
weka.experiment.Compute
weka.experiment.RemoteExperimentSubTask
weka.experiment.DensityBasedClustererSplitEvaluator
weka.experiment.ResultListener
weka.experiment.RemoteEngine$1
weka.experiment.PairedCorrectedTTester
weka.experiment.RemoteEngine$2
weka.experiment.ClassifierSplitEvaluator
weka.experiment.ResultMatrixPlainText
weka.experiment.RandomSplitResultProducer
weka.experiment.InstancesResultListener
weka.experiment.Task
weka.experiment.ResultProducer
weka.experiment.Experiment
weka.experiment.ResultMatrixCSV
weka.gui.explorer.Explorer$1
weka.gui.explorer.Explorer$2
weka.gui.explorer.VisualizePanel
weka.gui.explorer.Explorer
weka.gui.explorer.ClustererAssignmentsPlotInstances
weka.gui.explorer.AttributeSelectionPanel$4
weka.gui.explorer.AttributeSelectionPanel$5
weka.gui.explorer.AttributeSelectionPanel$2
weka.gui.explorer.AttributeSelectionPanel$3
weka.gui.explorer.AttributeSelectionPanel$8
weka.gui.explorer.AttributeSelectionPanel$9
weka.gui.explorer.ClassifierErrorsPlotInstances
weka.gui.explorer.AttributeSelectionPanel$6
weka.gui.explorer.AttributeSelectionPanel$7
weka.gui.explorer.ClassifierPanel$19
weka.gui.explorer.Explorer$ExplorerPanel
weka.gui.explorer.ClassifierPanel$18
weka.gui.explorer.ClassifierPanel$17
weka.gui.explorer.ClassifierPanel$16
weka.gui.explorer.DataGeneratorPanel
weka.gui.explorer.ClassifierPanel$1
weka.gui.explorer.ClassifierPanel$2
weka.gui.explorer.ClassifierPanel$11
weka.gui.explorer.Explorer$CapabilitiesFilterChangeListener
weka.gui.explorer.ClassifierPanel$10
weka.gui.explorer.ClassifierPanel$15
weka.gui.explorer.AttributeSelectionPanel$1
weka.gui.explorer.ClassifierPanel$14
weka.gui.explorer.ClassifierPanel$13
weka.gui.explorer.ClassifierPanel$12
weka.gui.explorer.ClassifierPanel
weka.gui.explorer.ClassifierPanel$8
weka.gui.explorer.ClassifierPanel$7
weka.gui.explorer.ClassifierPanel$9
weka.gui.explorer.ClassifierPanel$4
weka.gui.explorer.ClassifierPanel$3
weka.gui.explorer.ClassifierPanel$6
weka.gui.explorer.ClassifierPanel$5
weka.gui.explorer.AssociationsPanel
weka.gui.explorer.ClassifierPanel$28
weka.gui.explorer.ExplorerDefaults
weka.gui.explorer.ClassifierPanel$27
weka.gui.explorer.ClassifierPanel$29
weka.gui.explorer.ClassifierPanel$24
weka.gui.explorer.ClassifierPanel$23
weka.gui.explorer.ClassifierPanel$26
weka.gui.explorer.ClassifierPanel$25
weka.gui.explorer.ClassifierPanel$20
weka.gui.explorer.ClassifierPanel$22
weka.gui.explorer.ClassifierPanel$7$1
weka.gui.explorer.ClassifierPanel$21
weka.gui.explorer.PreprocessPanel$23$1
weka.gui.explorer.PreprocessPanel$10
weka.gui.explorer.PreprocessPanel$11
weka.gui.explorer.PreprocessPanel$12
weka.gui.explorer.ClassifierPanel$38
weka.gui.explorer.ClassifierPanel$12$2
weka.gui.explorer.ClassifierPanel$37
weka.gui.explorer.Explorer$3
weka.gui.explorer.ClassifierPanel$36
weka.gui.explorer.ClassifierPanel$35
weka.gui.explorer.ClassifierPanel$12$1
weka.gui.explorer.ClassifierPanel$34
weka.gui.explorer.ClassifierPanel$33
weka.gui.explorer.ClassifierPanel$32
weka.gui.explorer.ClassifierPanel$31
weka.gui.explorer.ClassifierPanel$30
weka.gui.explorer.PreprocessPanel$17$1
weka.gui.explorer.VisualizePanel$1
weka.gui.explorer.DataGeneratorPanel$1
weka.gui.explorer.PreprocessPanel$24
weka.gui.explorer.PreprocessPanel$25
weka.gui.explorer.ClustererPanel$7
weka.gui.explorer.ClustererPanel$8
weka.gui.explorer.ClustererPanel$5
weka.gui.explorer.ClustererPanel$6
weka.gui.explorer.ClustererPanel$9
weka.gui.explorer.AssociationsPanel$2
weka.gui.explorer.AssociationsPanel$3
weka.gui.explorer.AssociationsPanel$10
weka.gui.explorer.PreprocessPanel
weka.gui.explorer.AssociationsPanel$1
weka.gui.explorer.PreprocessPanel$7
weka.gui.explorer.AssociationsPanel$13
weka.gui.explorer.ClustererPanel$2
weka.gui.explorer.PreprocessPanel$6
weka.gui.explorer.ClustererPanel$1
weka.gui.explorer.PreprocessPanel$9
weka.gui.explorer.Explorer$LogHandler
weka.gui.explorer.ClustererPanel$4
weka.gui.explorer.AssociationsPanel$11
weka.gui.explorer.PreprocessPanel$8
weka.gui.explorer.ClustererPanel$3
weka.gui.explorer.AssociationsPanel$12
weka.gui.explorer.PreprocessPanel$3
weka.gui.explorer.PreprocessPanel$2
weka.gui.explorer.PreprocessPanel$5
weka.gui.explorer.PreprocessPanel$4
weka.gui.explorer.PreprocessPanel$21
weka.gui.explorer.PreprocessPanel$20
weka.gui.explorer.PreprocessPanel$23
weka.gui.explorer.PreprocessPanel$1
weka.gui.explorer.PreprocessPanel$22
weka.gui.explorer.PreprocessPanel$13
weka.gui.explorer.PreprocessPanel$14
weka.gui.explorer.PreprocessPanel$15
weka.gui.explorer.PreprocessPanel$16
weka.gui.explorer.PreprocessPanel$17
weka.gui.explorer.ClustererPanel
weka.gui.explorer.PreprocessPanel$18
weka.gui.explorer.PreprocessPanel$19
weka.gui.explorer.AssociationsPanel$9
weka.gui.explorer.AssociationsPanel$8
weka.gui.explorer.AssociationsPanel$7
weka.gui.explorer.AssociationsPanel$6
weka.gui.explorer.AssociationsPanel$5
weka.gui.explorer.PreprocessPanel$14$1
weka.gui.explorer.AssociationsPanel$4
weka.gui.explorer.AttributeSelectionPanel
weka.gui.explorer.ClustererPanelLaunchHandlerPlugin
weka.gui.explorer.PreprocessPanel$13$1
weka.gui.explorer.ClustererPanel$19
weka.gui.explorer.ClustererPanel$18
weka.gui.explorer.ClustererPanel$17
weka.gui.explorer.ClustererPanel$16
weka.gui.explorer.ClustererPanel$15
weka.gui.explorer.ClustererPanel$14
weka.gui.explorer.ClustererPanel$13
weka.gui.explorer.ClustererPanel$12
weka.gui.explorer.ClustererPanel$11
weka.gui.explorer.ClustererPanel$10
weka.gui.explorer.ClassifierPanel$28$1
weka.gui.explorer.AbstractPlotInstances
weka.gui.explorer.ClustererPanel$29
weka.gui.explorer.AttributeSelectionPanel$10
weka.gui.explorer.Explorer$CapabilitiesFilterChangeEvent
weka.gui.explorer.AttributeSelectionPanel$11
weka.gui.explorer.AttributeSelectionPanel$12
weka.gui.explorer.ClustererPanel$26
weka.gui.explorer.AttributeSelectionPanel$13
weka.gui.explorer.ClassifierPanelLaunchHandlerPlugin
weka.gui.explorer.ClustererPanel$25
weka.gui.explorer.AttributeSelectionPanel$14
weka.gui.explorer.ClustererPanel$28
weka.gui.explorer.AttributeSelectionPanel$15
weka.gui.explorer.ClustererPanel$27
weka.gui.explorer.AttributeSelectionPanel$16
weka.gui.explorer.AttributeSelectionPanel$17
weka.gui.explorer.ClustererPanel$22
weka.gui.explorer.AttributeSelectionPanel$18
weka.gui.explorer.ClustererPanel$21
weka.gui.explorer.ClustererPanel$24
weka.gui.explorer.ClustererPanel$23
weka.gui.explorer.ClustererPanel$20
weka.classifiers.evaluation.output.prediction.PlainText
weka.classifiers.evaluation.output.prediction.XML
weka.classifiers.evaluation.output.prediction.CSV
weka.classifiers.evaluation.output.prediction.AbstractOutput
weka.classifiers.evaluation.output.prediction.HTML
weka.classifiers.evaluation.output.prediction.Null
weka.associations.DefaultAssociationRule$METRIC_TYPE
weka.associations.AssociationRules
weka.associations.FPGrowth$FPTreeNode
weka.associations.AbstractAssociatorTest
weka.associations.CheckAssociator
weka.associations.DefaultAssociationRule$METRIC_TYPE$1
weka.associations.DefaultAssociationRule$METRIC_TYPE$2
weka.associations.DefaultAssociationRule$METRIC_TYPE$3
weka.associations.DefaultAssociationRule$METRIC_TYPE$4
weka.associations.FilteredAssociator
weka.associations.FPGrowth$FrequentBinaryItemSet
weka.associations.FPGrowth
weka.associations.NumericItem$Comparison
weka.associations.AssociationRule
weka.associations.FPGrowth$FrequentItemSets$1
weka.associations.CARuleMiner
weka.associations.FPGrowth$FrequentItemSets
weka.associations.FPGrowth$ShadowCounts
weka.associations.NumericItem
weka.associations.DefaultAssociationRule
weka.associations.LabeledItemSet
weka.associations.AprioriItemSet
weka.associations.AllTests
weka.associations.FilteredAssociatorTest
weka.associations.BinaryItem
weka.associations.SingleAssociatorEnhancer
weka.associations.AssociationRulesProducer
weka.associations.NominalItem
weka.associations.AprioriTest
weka.associations.FPGrowth$FPTreeRoot
weka.associations.ItemSet
weka.associations.Item
weka.associations.FPGrowth$FPTreeRoot$Header
weka.associations.FPGrowthTest
weka.associations.Associator
weka.associations.Apriori
weka.associations.AbstractAssociator
weka.associations.AssociatorEvaluation
weka.associations.FilteredAssociationRules
weka.core.converters.LibSVMSaver
weka.core.converters.MatlabTest
weka.core.converters.ArffSaver
weka.core.converters.AbstractFileConverterTest
weka.core.converters.JSONSaver
weka.core.converters.C45Test
weka.core.converters.ArffTest
weka.core.converters.SerializedInstancesLoader
weka.core.converters.LibSVMTest
weka.core.converters.ArffLoader$ArffReader
weka.core.converters.SVMLightTest
weka.core.converters.URLSourcedLoader
weka.core.converters.CSVLoader
weka.core.converters.MatlabSaver
weka.core.converters.ArffLoader
weka.core.converters.CSVTest
weka.core.converters.C45Saver
weka.core.converters.AbstractSaver
weka.core.converters.SVMLightSaver
weka.core.converters.JSONLoader
weka.core.converters.FileSourcedConverter
weka.core.converters.SerializedInstancesTest
weka.core.converters.AbstractLoader
weka.core.converters.XRFFLoader
weka.core.converters.XRFFSaver
weka.core.converters.AbstractFileLoader
weka.core.converters.DatabaseSaver
weka.core.converters.Loader
weka.core.converters.AbstractFileSaver
weka.core.converters.MatlabLoader
weka.core.converters.IncrementalConverter
weka.core.converters.ConverterUtils
!!! weka/gui/GenericPropertiesCreator.excludes
weka.core.converters.LibSVMSaver
weka.core.converters.MatlabTest
weka.core.converters.ArffSaver
weka.core.converters.JSONSaver
weka.core.converters.C45Test
weka.core.converters.ArffTest
weka.core.converters.SerializedInstancesLoader
weka.core.converters.LibSVMTest
weka.core.converters.ArffLoader$ArffReader
weka.core.converters.SVMLightTest
weka.core.converters.CSVLoader
weka.core.converters.MatlabSaver
weka.core.converters.ArffLoader
weka.core.converters.CSVTest
weka.core.converters.C45Saver
weka.core.converters.SVMLightSaver
weka.core.converters.JSONLoader
weka.core.converters.SerializedInstancesTest
weka.core.converters.XRFFLoader
weka.core.converters.XRFFSaver
weka.core.converters.DatabaseSaver
weka.core.converters.MatlabLoader
weka.core.converters.ConverterUtils
weka.core.converters.TextDirectoryLoader
weka.core.converters.Saver
weka.core.converters.LibSVMLoader
weka.core.converters.CSVSaver
weka.core.converters.XRFFTest
weka.core.converters.DatabaseConverter
weka.core.converters.DatabaseConnection
weka.core.converters.ConverterUtils$DataSource
weka.core.converters.AbstractConverterTest
weka.core.converters.SerializedInstancesSaver
weka.core.converters.SVMLightLoader
weka.core.converters.BatchConverter
weka.core.converters.C45Loader
weka.core.converters.DatabaseLoader
weka.core.converters.ConverterUtils$DataSink
weka.core.converters.AllTests
weka.core.converters.JSONTest
weka.attributeSelection.UnsupervisedAttributeEvaluator
weka.attributeSelection.PrincipalComponents
weka.attributeSelection.BestFirst$LinkedList2
weka.attributeSelection.GreedyStepwiseTest
weka.attributeSelection.CfsSubsetEval
weka.attributeSelection.ReliefFAttributeEvalTest
weka.attributeSelection.AttributeEvaluator
weka.attributeSelection.RankedOutputSearch
weka.attributeSelection.AttributeSetEvaluator
weka.attributeSelection.ASEvaluation
weka.attributeSelection.BestFirstTest
weka.attributeSelection.WrapperSubsetEval
weka.attributeSelection.OneRAttributeEval
weka.attributeSelection.OneRAttributeEvalTest
weka.attributeSelection.HoldOutSubsetEvaluator
weka.attributeSelection.SymmetricalUncertAttributeEval
weka.attributeSelection.SymmetricalUncertAttributeEvalTest
weka.attributeSelection.ReliefFAttributeEval
weka.attributeSelection.InfoGainAttributeEval
weka.attributeSelection.PrincipalComponentsTest
weka.attributeSelection.GainRatioAttributeEvalTest
weka.attributeSelection.SubsetEvaluator
weka.attributeSelection.AttributeSelection
weka.attributeSelection.AbstractSearchTest
weka.attributeSelection.AbstractEvaluatorTest
weka.attributeSelection.CheckAttributeSelection
weka.attributeSelection.StartSetHandler
weka.attributeSelection.UnsupervisedSubsetEvaluator
weka.attributeSelection.CfsSubsetEvalTest
weka.attributeSelection.AttributeTransformer
weka.attributeSelection.WrapperSubsetEvalTest
weka.attributeSelection.BestFirst
weka.attributeSelection.ASSearch
weka.attributeSelection.GainRatioAttributeEval
weka.attributeSelection.AbstractAttributeSelectionTest
weka.attributeSelection.ErrorBasedMeritEvaluator
weka.attributeSelection.ChiSquaredAttributeEval
weka.attributeSelection.BestFirst$Link2
weka.attributeSelection.InfoGainAttributeEvalTest
weka.attributeSelection.RankerTest
weka.attributeSelection.Ranker
weka.attributeSelection.AllTests
weka.attributeSelection.GreedyStepwise
weka.core.stemmers.NullStemmer
weka.core.stemmers.SnowballStemmer
weka.core.stemmers.LovinsStemmer
weka.core.stemmers.Stemmer
weka.core.stemmers.IteratedLovinsStemmer
weka.core.stemmers.Stemming
weka.experiment.LearningRateResultProducer
weka.experiment.RemoteExperiment$1
weka.experiment.CrossValidationSplitResultProducer
weka.experiment.ResultMatrixHTML
weka.experiment.PairedTTester$Resultset
weka.experiment.PairedTTester$DatasetSpecifiers
weka.experiment.Stats
weka.experiment.DatabaseUtils
weka.experiment.DatabaseResultListener
weka.experiment.ExplicitTestsetResultProducer
weka.experiment.CrossValidationResultProducer
weka.experiment.ResultMatrixLatex
weka.experiment.InstanceQuery
weka.experiment.CSVResultListener
weka.experiment.AveragingResultProducer
weka.experiment.PairedStats
weka.experiment.RemoteExperiment
weka.experiment.RemoteExperimentEvent
weka.experiment.CostSensitiveClassifierSplitEvaluator
weka.experiment.OutputZipper
weka.experiment.ResultMatrixSignificance
weka.experiment.RemoteEngine
weka.experiment.TaskStatusInfo
weka.experiment.RegressionSplitEvaluator
weka.experiment.ResultMatrixGnuPlot
weka.experiment.DatabaseResultProducer
weka.experiment.PairedStatsCorrected
weka.experiment.PairedTTester
weka.experiment.PairedTTester$Dataset
weka.experiment.PropertyNode
weka.experiment.RemoteExperimentSubTask
weka.experiment.DensityBasedClustererSplitEvaluator
weka.experiment.RemoteEngine$1
weka.experiment.PairedCorrectedTTester
weka.experiment.RemoteEngine$2
weka.experiment.ClassifierSplitEvaluator
weka.experiment.ResultMatrixPlainText
weka.experiment.RandomSplitResultProducer
weka.experiment.InstancesResultListener
weka.experiment.Experiment
weka.experiment.ResultMatrixCSV
weka.core.neighboursearch.balltrees.BallSplitter
weka.core.neighboursearch.balltrees.TopDownConstructor
weka.core.neighboursearch.balltrees.MiddleOutConstructor$ListNode
weka.core.neighboursearch.balltrees.MiddleOutConstructor$MyIdxList
weka.core.neighboursearch.balltrees.BottomUpConstructor$TempNode
weka.core.neighboursearch.balltrees.MiddleOutConstructor$TempNode
weka.core.neighboursearch.balltrees.MiddleOutConstructor
weka.core.neighboursearch.balltrees.PointsClosestToFurthestChildren
weka.core.neighboursearch.balltrees.BallNode
weka.core.neighboursearch.balltrees.MedianDistanceFromArbitraryPoint
weka.core.neighboursearch.balltrees.MedianOfWidestDimension
weka.core.neighboursearch.balltrees.BottomUpConstructor
weka.core.neighboursearch.balltrees.BallTreeConstructor
weka.filters.SupervisedFilter
weka.filters.AllFilterTest
weka.filters.UnsupervisedFilter
weka.filters.AbstractFilterTest
weka.filters.MultiFilterTest
weka.filters.MultiFilter
weka.filters.SimpleBatchFilter
weka.filters.Sourcable
weka.filters.StreamableFilter
weka.filters.SimpleStreamFilter
weka.filters.AbstractTimeSeriesFilterTest
weka.filters.AllFilter
weka.filters.AllTests
weka.filters.SimpleFilter
weka.filters.Filter
weka.filters.CheckSource
weka.filters.supervised.attribute.AttributeSelection
weka.filters.supervised.attribute.AddClassificationTest
weka.filters.supervised.attribute.AttributeSelectionTest
weka.filters.supervised.attribute.ClassOrder
weka.filters.supervised.attribute.NominalToBinary
weka.filters.supervised.attribute.Discretize
weka.filters.supervised.attribute.DiscretizeTest
weka.filters.supervised.attribute.AddClassification
weka.filters.supervised.attribute.ClassOrderTest
weka.filters.supervised.attribute.NominalToBinaryTest
weka.filters.supervised.instance.StratifiedRemoveFolds
weka.filters.supervised.instance.SpreadSubsample
weka.filters.supervised.instance.SpreadSubsampleTest
weka.filters.supervised.instance.Resample
weka.filters.supervised.instance.StratifiedRemoveFoldsTest
weka.filters.supervised.instance.ResampleTest
weka.filters.unsupervised.attribute.NumericToNominal
weka.filters.unsupervised.attribute.RemoveByNameTest
weka.filters.unsupervised.attribute.AddClusterTest
weka.filters.unsupervised.attribute.StringToWordVector
weka.filters.unsupervised.attribute.StandardizeTest
weka.filters.unsupervised.attribute.NumericTransform
weka.filters.unsupervised.attribute.MergeManyValuesTest
weka.filters.unsupervised.attribute.InterquartileRangeTest
weka.filters.unsupervised.attribute.AddID
weka.filters.unsupervised.attribute.RandomProjection
weka.filters.unsupervised.attribute.NormalizeTest
weka.filters.unsupervised.attribute.ReplaceMissingValuesTest
weka.filters.unsupervised.attribute.Obfuscate
weka.filters.unsupervised.attribute.RemoveUselessTest
weka.filters.unsupervised.attribute.TimeSeriesTranslateTest
weka.filters.unsupervised.attribute.PrincipalComponentsTest
weka.filters.unsupervised.attribute.RandomProjectionTest
weka.filters.unsupervised.attribute.AddValuesTest
weka.filters.unsupervised.attribute.SortLabels$CaseSensitiveComparator
weka.filters.unsupervised.attribute.FirstOrder
weka.filters.unsupervised.attribute.Remove
weka.filters.unsupervised.attribute.Center
weka.filters.unsupervised.attribute.PartitionedMultiFilter
weka.filters.unsupervised.attribute.MergeTwoValues
weka.filters.unsupervised.attribute.Copy
weka.filters.unsupervised.attribute.MergeManyValues
weka.filters.unsupervised.attribute.AddCluster
weka.filters.unsupervised.attribute.SwapValues
weka.filters.unsupervised.attribute.KernelFilterTest
weka.filters.unsupervised.attribute.RemoveTypeTest
weka.filters.unsupervised.attribute.AddExpression
weka.filters.unsupervised.attribute.NominalToString
weka.filters.unsupervised.attribute.StringToWordVectorTest
weka.filters.unsupervised.attribute.RandomSubsetTest
weka.filters.unsupervised.attribute.AddExpressionTest
weka.filters.unsupervised.attribute.RemoveByName
weka.filters.unsupervised.attribute.SortLabels
weka.filters.unsupervised.attribute.NumericTransformTest
weka.filters.unsupervised.attribute.StringToNominalTest
weka.filters.unsupervised.attribute.Normalize
weka.filters.unsupervised.attribute.TimeSeriesDelta
weka.filters.unsupervised.attribute.AddIDTest
weka.filters.unsupervised.attribute.CopyTest
weka.filters.unsupervised.attribute.NominalToBinary
weka.filters.unsupervised.attribute.TimeSeriesDeltaTest
weka.filters.unsupervised.attribute.NominalToBinaryTest
weka.filters.unsupervised.attribute.RemoveUseless
weka.filters.unsupervised.attribute.Reorder
weka.filters.unsupervised.attribute.RenameAttributeTest
weka.filters.unsupervised.attribute.ObfuscateTest
weka.filters.unsupervised.attribute.NumericToBinary
weka.filters.unsupervised.attribute.NumericCleanerTest
weka.filters.unsupervised.attribute.RemoveType
weka.filters.unsupervised.attribute.NumericCleaner
weka.filters.unsupervised.attribute.RandomSubset
weka.filters.unsupervised.attribute.MakeIndicator
weka.filters.unsupervised.attribute.PKIDiscretizeTest
weka.filters.unsupervised.attribute.StringToNominal
weka.filters.unsupervised.attribute.SwapValuesTest
weka.filters.unsupervised.attribute.AddNoiseTest
weka.filters.unsupervised.attribute.ClusterMembershipTest
weka.filters.unsupervised.attribute.MathExpressionTest
weka.filters.unsupervised.attribute.ChangeDateFormat
weka.filters.unsupervised.attribute.NominalToStringTest
weka.filters.unsupervised.attribute.Add
weka.filters.unsupervised.attribute.RemoveTest
weka.filters.unsupervised.attribute.ReplaceMissingValues
weka.filters.unsupervised.attribute.ReorderTest
weka.filters.unsupervised.attribute.NumericToNominalTest
weka.filters.unsupervised.attribute.AddValues
weka.filters.unsupervised.attribute.TimeSeriesTranslate
weka.filters.unsupervised.attribute.Standardize
weka.filters.unsupervised.attribute.SortLabels$CaseInsensitiveComparator
weka.filters.unsupervised.attribute.DiscretizeTest
weka.filters.unsupervised.attribute.ChangeDateFormatTest
weka.filters.unsupervised.attribute.InterquartileRange
weka.filters.unsupervised.attribute.NumericToBinaryTest
weka.filters.unsupervised.attribute.PrincipalComponents
weka.filters.unsupervised.attribute.ClassAssigner
weka.filters.unsupervised.attribute.Discretize
weka.filters.unsupervised.attribute.RenameAttribute
weka.filters.unsupervised.attribute.KernelFilter
weka.filters.unsupervised.attribute.SortLabelsTest
weka.filters.unsupervised.attribute.MathExpression
weka.filters.unsupervised.attribute.StringToWordVector$Count
weka.filters.unsupervised.attribute.PartitionedMultiFilterTest
weka.filters.unsupervised.attribute.AddNoise
weka.filters.unsupervised.attribute.FirstOrderTest
weka.filters.unsupervised.attribute.MakeIndicatorTest
weka.filters.unsupervised.attribute.CenterTest
weka.filters.unsupervised.attribute.AddTest
weka.filters.unsupervised.attribute.ClassAssignerTest
weka.filters.unsupervised.attribute.ClusterMembership
weka.filters.unsupervised.attribute.PKIDiscretize
weka.filters.unsupervised.attribute.MergeTwoValuesTest
weka.filters.unsupervised.instance.RemoveWithValues
weka.filters.unsupervised.instance.NonSparseToSparseTest
weka.filters.unsupervised.instance.Resample
weka.filters.unsupervised.instance.RemoveFrequentValuesTest
weka.filters.unsupervised.instance.RemoveMisclassifiedTest
weka.filters.unsupervised.instance.RemovePercentage
weka.filters.unsupervised.instance.RemoveMisclassified
weka.filters.unsupervised.instance.RemovePercentageTest
weka.filters.unsupervised.instance.SparseToNonSparse
weka.filters.unsupervised.instance.RemoveRangeTest
weka.filters.unsupervised.instance.SubsetByExpressionTest
weka.filters.unsupervised.instance.RandomizeTest
weka.filters.unsupervised.instance.SubsetByExpression
weka.filters.unsupervised.instance.ReservoirSample
weka.filters.unsupervised.instance.ResampleTest
weka.filters.unsupervised.instance.RemoveWithValuesTest
weka.filters.unsupervised.instance.RemoveFolds
weka.filters.unsupervised.instance.RemoveFoldsTest
weka.filters.unsupervised.instance.RemoveRange
weka.filters.unsupervised.instance.Randomize
weka.filters.unsupervised.instance.SparseToNonSparseTest
weka.filters.unsupervised.instance.NonSparseToSparse
weka.filters.unsupervised.instance.ReservoirSampleTest
weka.filters.unsupervised.instance.RemoveFrequentValues
weka.experiment.LearningRateResultProducer
weka.experiment.RemoteExperiment$1
weka.experiment.CrossValidationSplitResultProducer
weka.experiment.ResultMatrixHTML
weka.experiment.PairedTTester$Resultset
weka.experiment.PairedTTester$DatasetSpecifiers
weka.experiment.Stats
weka.experiment.DatabaseUtils
weka.experiment.DatabaseResultListener
weka.experiment.ExplicitTestsetResultProducer
weka.experiment.CrossValidationResultProducer
weka.experiment.ResultMatrixLatex
weka.experiment.InstanceQuery
weka.experiment.CSVResultListener
weka.experiment.AveragingResultProducer
weka.experiment.PairedStats
weka.experiment.RemoteExperiment
weka.experiment.RemoteExperimentEvent
weka.experiment.CostSensitiveClassifierSplitEvaluator
weka.experiment.OutputZipper
weka.experiment.ResultMatrixSignificance
weka.experiment.RemoteEngine
weka.experiment.TaskStatusInfo
weka.experiment.RegressionSplitEvaluator
weka.experiment.ResultMatrixGnuPlot
weka.experiment.DatabaseResultProducer
weka.experiment.PairedStatsCorrected
weka.experiment.PairedTTester
weka.experiment.PairedTTester$Dataset
weka.experiment.PropertyNode
weka.experiment.RemoteExperimentSubTask
weka.experiment.DensityBasedClustererSplitEvaluator
weka.experiment.RemoteEngine$1
weka.experiment.PairedCorrectedTTester
weka.experiment.RemoteEngine$2
weka.experiment.ClassifierSplitEvaluator
weka.experiment.ResultMatrixPlainText
weka.experiment.RandomSplitResultProducer
weka.experiment.InstancesResultListener
weka.experiment.Experiment
weka.experiment.ResultMatrixCSV
weka.core.neighboursearch.balltrees.TopDownConstructor
weka.core.neighboursearch.balltrees.MiddleOutConstructor$ListNode
weka.core.neighboursearch.balltrees.MiddleOutConstructor$MyIdxList
weka.core.neighboursearch.balltrees.BottomUpConstructor$TempNode
weka.core.neighboursearch.balltrees.MiddleOutConstructor$TempNode
weka.core.neighboursearch.balltrees.MiddleOutConstructor
weka.core.neighboursearch.balltrees.PointsClosestToFurthestChildren
weka.core.neighboursearch.balltrees.BallNode
weka.core.neighboursearch.balltrees.MedianDistanceFromArbitraryPoint
weka.core.neighboursearch.balltrees.MedianOfWidestDimension
weka.core.neighboursearch.balltrees.BottomUpConstructor
weka.core.SparseInstance
weka.core.Tee
weka.core.ProtectedProperties
weka.core.Queue$QueueNode
weka.core.RevisionUtils
weka.core.SingleIndexTest
weka.core.Debug
weka.core.SelectedTag
weka.core.Matrix
weka.core.RepositoryIndexGenerator
weka.core.SpecialFunctions
weka.core.Undoable
weka.core.AllTests
weka.core.Debug$DBO
weka.core.RelationalLocator
weka.core.UtilsTest
weka.core.OptionHandlersTest
weka.core.PropertyPath$PathElement
weka.core.ClassDiscovery
weka.core.Matchable
weka.core.SingleIndex
weka.core.Trie$TrieIterator
weka.core.AttributeLocator
weka.core.TechnicalInformationHandlerJavadoc
weka.core.NormalizableDistance
weka.core.Check
weka.core.Debug$Random
weka.core.Copyright
weka.core.InstancesTest
weka.core.EuclideanDistance
weka.core.ClassloaderUtil
weka.core.AdditionalMeasureProducer
weka.core.WekaEnumeration
weka.core.AttributeExpression
weka.core.UnassignedClassException
weka.core.AttributeStats
weka.core.ClassCache$ClassFileFilter
weka.core.OptionHandler
weka.core.TestInstances
weka.core.PropertyPath$PropertyContainer
weka.core.Capabilities$Capability
weka.core.MultiInstanceCapabilitiesHandler
weka.core.Stopwords
weka.core.SerializedObject
weka.core.TechnicalInformation$Type
weka.core.RandomVariates
weka.core.CheckOptionHandler
weka.core.Optimization$DynamicIntArray
weka.core.Drawable
weka.core.ClassCache$DirectoryFilter
weka.core.CheckScheme
weka.core.StringLocator
weka.core.Memory
weka.core.Environment
weka.core.Attribute$1
weka.core.NoSupportForMissingValuesException
weka.core.AttributeExpression$AttributeOperand
weka.core.Trie$TrieNode
weka.core.CustomDisplayStringProvider
weka.core.OptionHandlerJavadoc
weka.core.Debug$Timestamp
weka.core.Statistics
weka.core.TechnicalInformation
weka.core.WeightedInstancesHandler
weka.core.Randomizable
weka.core.TechnicalInformation$Field
weka.core.Instances
weka.core.Queue
weka.core.Range
weka.core.SerializationHelper
weka.core.RepositoryIndexGenerator$1
weka.core.Tag
weka.core.DistanceFunction
weka.core.BinarySparseInstance
weka.core.MathematicalExpression
weka.core.Version
weka.core.TrieTest
weka.core.ManhattanDistance
weka.core.AlgVector
weka.core.AbstractInstance
weka.core.TechnicalInformationHandler
weka.core.ClassDiscovery$StringCompare
weka.core.InstanceComparator
weka.core.MinkowskiDistance
weka.core.ClassCache
weka.core.Debug$SimpleLog
weka.core.AlgVectorTest
weka.core.CheckGOE
weka.core.Optimization
weka.core.Trie
weka.core.WekaException
weka.core.RangeTest
weka.core.Summarizable
weka.core.AllJavadoc
weka.core.SparseInstance
weka.core.Tee
weka.core.ProtectedProperties
weka.core.Queue$QueueNode
weka.core.RevisionUtils
weka.core.SingleIndexTest
weka.core.Debug
weka.core.SelectedTag
weka.core.Matrix
weka.core.RepositoryIndexGenerator
weka.core.SpecialFunctions
weka.core.AllTests
weka.core.Debug$DBO
weka.core.RelationalLocator
weka.core.UtilsTest
weka.core.OptionHandlersTest
weka.core.PropertyPath$PathElement
weka.core.ClassDiscovery
weka.core.SingleIndex
weka.core.Trie$TrieIterator
weka.core.AttributeLocator
weka.core.TechnicalInformationHandlerJavadoc
weka.core.Debug$Random
weka.core.Copyright
weka.core.InstancesTest
weka.core.EuclideanDistance
weka.core.ClassloaderUtil
weka.core.WekaEnumeration
weka.core.AttributeExpression
weka.core.UnassignedClassException
weka.core.AttributeStats
weka.core.ClassCache$ClassFileFilter
weka.core.TestInstances
weka.core.PropertyPath$PropertyContainer
weka.core.Capabilities$Capability
weka.core.Stopwords
weka.core.SerializedObject
weka.core.TechnicalInformation$Type
weka.core.RandomVariates
weka.core.CheckOptionHandler
weka.core.Optimization$DynamicIntArray
weka.core.ClassCache$DirectoryFilter
weka.core.StringLocator
weka.core.Memory
weka.core.Environment
weka.core.Attribute$1
weka.core.NoSupportForMissingValuesException
weka.core.AttributeExpression$AttributeOperand
weka.core.Trie$TrieNode
weka.core.OptionHandlerJavadoc
weka.core.Debug$Timestamp
weka.core.Statistics
weka.core.TechnicalInformation
weka.core.TechnicalInformation$Field
weka.core.Instances
weka.core.Queue
weka.core.Range
weka.core.SerializationHelper
weka.core.RepositoryIndexGenerator$1
weka.core.Tag
weka.core.BinarySparseInstance
weka.core.MathematicalExpression
weka.core.Version
weka.core.TrieTest
weka.core.ManhattanDistance
weka.core.AlgVector
weka.core.ClassDiscovery$StringCompare
weka.core.InstanceComparator
weka.core.MinkowskiDistance
weka.core.ClassCache
weka.core.Debug$SimpleLog
weka.core.AlgVectorTest
weka.core.CheckGOE
weka.core.Trie
weka.core.WekaException
weka.core.RangeTest
weka.core.AllJavadoc
weka.core.MathematicalExpressionTest
weka.core.UnassignedDatasetException
weka.core.PropertyPath$Path
weka.core.CheckScheme$PostProcessor
weka.core.AttributeExpression$ExpressionComponent
weka.core.OptionHandlersTest$OptionHandlerTest
weka.core.FindWithCapabilities
weka.core.Utils
weka.core.UnsupportedAttributeTypeException
weka.core.Debug$Clock
weka.core.GlobalInfoJavadoc
weka.core.PropertyPath
weka.core.UnsupportedClassTypeException
weka.core.CommandlineRunnable
weka.core.Javadoc
weka.core.Copyable
weka.core.Attribute
weka.core.DenseInstance
weka.core.ChebyshevDistance
weka.core.RevisionUtils$Type
weka.core.FastVector
weka.core.Debug$Log
weka.core.Option
weka.core.RevisionHandler
weka.core.CapabilitiesHandler
weka.core.EnvironmentHandler
weka.core.ListOptions
weka.core.Capabilities
weka.core.Instance
weka.core.ContingencyTables
weka.core.AttributeExpression$NumericOperand
weka.core.SystemInfo
weka.core.WekaPackageManager
weka.core.AttributeExpression$Operator
weka.core.MathematicalExpressionTest
weka.core.UnassignedDatasetException
weka.core.PropertyPath$Path
weka.core.CheckScheme$PostProcessor
weka.core.AttributeExpression$ExpressionComponent
weka.core.OptionHandlersTest$OptionHandlerTest
weka.core.FindWithCapabilities
weka.core.Utils
weka.core.UnsupportedAttributeTypeException
weka.core.Debug$Clock
weka.core.GlobalInfoJavadoc
weka.core.PropertyPath
weka.core.UnsupportedClassTypeException
weka.core.CommandlineRunnable
weka.core.Javadoc
weka.core.Copyable
weka.core.Attribute
weka.core.DenseInstance
weka.core.ChebyshevDistance
weka.core.RevisionUtils$Type
weka.core.FastVector
weka.core.Debug$Log
weka.core.Option
weka.core.RevisionHandler
weka.core.CapabilitiesHandler
weka.core.EnvironmentHandler
weka.core.ListOptions
weka.core.Capabilities
weka.core.Instance
weka.core.ContingencyTables
weka.core.AttributeExpression$NumericOperand
weka.core.SystemInfo
weka.core.WekaPackageManager
weka.core.AttributeExpression$Operator
weka.classifiers.bayes.net.search.local.HillClimber
weka.classifiers.bayes.net.search.local.LocalScoreSearchAlgorithm
weka.classifiers.bayes.net.search.local.GeneticSearch$BayesNetRepresentation
weka.classifiers.bayes.net.search.local.SimulatedAnnealing
weka.classifiers.bayes.net.search.local.HillClimber$Operation
weka.classifiers.bayes.net.search.local.Scoreable
weka.classifiers.bayes.net.search.local.TAN
weka.classifiers.bayes.net.search.local.K2
weka.classifiers.bayes.net.search.local.RepeatedHillClimber
weka.classifiers.bayes.net.search.local.LAGDHillClimber
weka.classifiers.bayes.net.search.local.TabuSearch
weka.classifiers.bayes.net.search.local.GeneticSearch
weka.classifiers.bayes.net.search.local.HillClimber$Cache
weka.classifiers.bayes.net.search.ci.ICSSearchAlgorithm$SeparationSet
weka.classifiers.bayes.net.search.ci.ICSSearchAlgorithm
weka.classifiers.bayes.net.search.ci.CISearchAlgorithm
weka.classifiers.bayes.net.search.global.TAN
weka.classifiers.bayes.net.search.global.HillClimber$Operation
weka.classifiers.bayes.net.search.global.SimulatedAnnealing
weka.classifiers.bayes.net.search.global.K2
weka.classifiers.bayes.net.search.global.TabuSearch
weka.classifiers.bayes.net.search.global.RepeatedHillClimber
weka.classifiers.bayes.net.search.global.GeneticSearch$BayesNetRepresentation
weka.classifiers.bayes.net.search.global.GlobalScoreSearchAlgorithm
weka.classifiers.bayes.net.search.global.HillClimber
weka.classifiers.bayes.net.search.global.GeneticSearch
weka.classifiers.bayes.net.search.fixed.NaiveBayes
weka.classifiers.bayes.net.search.fixed.FromFile
weka.gui.visualize.plugins.VisualizePlugin
weka.gui.visualize.plugins.TreeVisualizePlugin
weka.gui.visualize.plugins.ErrorVisualizePlugin
weka.gui.visualize.plugins.GraphVisualizePlugin
weka.gui.visualize.plugins.AssociationRuleVisualizePlugin
weka.attributeSelection.PrincipalComponents
weka.attributeSelection.BestFirst$LinkedList2
weka.attributeSelection.GreedyStepwiseTest
weka.attributeSelection.CfsSubsetEval
weka.attributeSelection.ReliefFAttributeEvalTest
weka.attributeSelection.BestFirstTest
weka.attributeSelection.WrapperSubsetEval
weka.attributeSelection.OneRAttributeEval
weka.attributeSelection.OneRAttributeEvalTest
weka.attributeSelection.SymmetricalUncertAttributeEval
weka.attributeSelection.SymmetricalUncertAttributeEvalTest
weka.attributeSelection.ReliefFAttributeEval
weka.attributeSelection.InfoGainAttributeEval
weka.attributeSelection.PrincipalComponentsTest
weka.attributeSelection.GainRatioAttributeEvalTest
weka.attributeSelection.AttributeSelection
weka.attributeSelection.CheckAttributeSelection
weka.attributeSelection.CfsSubsetEvalTest
weka.attributeSelection.WrapperSubsetEvalTest
weka.attributeSelection.BestFirst
weka.attributeSelection.GainRatioAttributeEval
weka.attributeSelection.ChiSquaredAttributeEval
weka.attributeSelection.BestFirst$Link2
weka.attributeSelection.InfoGainAttributeEvalTest
weka.attributeSelection.RankerTest
weka.attributeSelection.Ranker
weka.attributeSelection.AllTests
weka.attributeSelection.GreedyStepwise
weka.classifiers.bayes.BayesianLogisticRegression
weka.classifiers.bayes.NaiveBayesMultinomialTest
weka.classifiers.bayes.BayesNet
weka.classifiers.bayes.NaiveBayesUpdateable
weka.classifiers.bayes.BayesNetTest
weka.classifiers.bayes.NaiveBayesUpdateableTest
weka.classifiers.bayes.NaiveBayesMultinomial
weka.classifiers.bayes.NaiveBayesMultinomialUpdateableTest
weka.classifiers.bayes.NaiveBayes
weka.classifiers.bayes.NaiveBayesTest
weka.classifiers.bayes.NaiveBayesMultinomialUpdateable
weka.classifiers.functions.MultilayerPerceptron$NodePanel
weka.classifiers.functions.SMOTest
weka.classifiers.functions.SMOreg
weka.classifiers.functions.SMO
weka.classifiers.functions.LibSVM
weka.classifiers.functions.LinearRegression
weka.classifiers.functions.SGDTest
weka.classifiers.functions.MultilayerPerceptron$ControlPanel
weka.classifiers.functions.Logistic
weka.classifiers.functions.SMOregTest
weka.classifiers.functions.MultilayerPerceptron$NeuralEnd
weka.classifiers.functions.SGD
weka.classifiers.functions.SGDText
weka.classifiers.functions.GaussianProcessesTest
weka.classifiers.functions.SGDText$Count
weka.classifiers.functions.MultilayerPerceptron$ControlPanel$3
weka.classifiers.functions.MultilayerPerceptron$ControlPanel$2
weka.classifiers.functions.MultilayerPerceptron$ControlPanel$1
weka.classifiers.functions.SGDTextTest
weka.classifiers.functions.MultilayerPerceptron$ControlPanel$5
weka.classifiers.functions.Logistic$OptEng
weka.classifiers.functions.VotedPerceptronTest
weka.classifiers.functions.MultilayerPerceptron$ControlPanel$4
weka.classifiers.functions.SimpleLinearRegression
weka.classifiers.functions.MultilayerPerceptron$1
weka.classifiers.functions.MultilayerPerceptronTest
weka.classifiers.functions.SimpleLogisticTest
weka.classifiers.functions.GaussianProcesses
weka.classifiers.functions.LinearRegressionTest
weka.classifiers.functions.MultilayerPerceptron$NodePanel$1
weka.classifiers.functions.LogisticTest
weka.classifiers.functions.SMO$BinarySMO
weka.classifiers.functions.LibLINEAR
weka.classifiers.functions.VotedPerceptron
weka.classifiers.functions.MultilayerPerceptron
weka.classifiers.functions.SimpleLogistic
weka.classifiers.functions.SimpleLinearRegressionTest
weka.classifiers.lazy.IBk
weka.classifiers.lazy.IBkTest
weka.classifiers.lazy.LWL
weka.classifiers.lazy.LWLTest
weka.classifiers.lazy.KStarTest
weka.classifiers.lazy.KStar
weka.classifiers.meta.ThresholdSelectorDummyClassifier
weka.classifiers.meta.MultiClassClassifier$StandardCode
weka.classifiers.meta.MultiClassClassifier
weka.classifiers.meta.RandomCommittee
weka.classifiers.meta.ClassificationViaRegression
weka.classifiers.meta.BaggingTest
weka.classifiers.meta.Stacking
weka.classifiers.meta.Vote
weka.classifiers.meta.VoteTest
weka.classifiers.meta.ClassificationViaRegressionTest
weka.classifiers.meta.MultiClassClassifierUpdateable
weka.classifiers.meta.MultiClassClassifier$Code
weka.classifiers.meta.StackingTest
weka.classifiers.meta.MultiScheme
weka.classifiers.meta.CostSensitiveClassifier
weka.classifiers.meta.RegressionByDiscretization
weka.classifiers.meta.RandomCommitteeTest
weka.classifiers.meta.CVParameterSelection$CVParameter
weka.classifiers.meta.CostSensitiveClassifierTest
weka.classifiers.meta.AttributeSelectedClassifier
weka.classifiers.meta.RandomSubSpace
weka.classifiers.meta.AdditiveRegressionTest
weka.classifiers.meta.AdaBoostM1Test
weka.classifiers.meta.MultiClassClassifierTest
weka.classifiers.meta.AdaBoostM1
weka.classifiers.meta.CVParameterSelectionTest
weka.classifiers.meta.RandomSubSpaceTest
weka.classifiers.meta.AttributeSelectedClassifierTest
weka.classifiers.meta.CVParameterSelection
weka.classifiers.meta.FilteredClassifierTest
weka.classifiers.meta.Bagging
weka.classifiers.meta.MultiClassClassifier$ExhaustiveCode
weka.classifiers.meta.MultiClassClassifier$RandomCode
weka.classifiers.meta.LogitBoost
weka.classifiers.meta.MultiSchemeTest
weka.classifiers.meta.LogitBoostTest
weka.classifiers.meta.AdditiveRegression
weka.classifiers.meta.MultiClassClassifierUpdateableTest
weka.classifiers.meta.FilteredClassifier
weka.classifiers.meta.RegressionByDiscretizationTest
weka.classifiers.misc.InputMappedClassifier
weka.classifiers.misc.InputMappedClassifierTest
weka.classifiers.misc.InputMappedClassifierBeanInfo
weka.classifiers.misc.SerializedClassifierTest
weka.classifiers.misc.SerializedClassifier
weka.classifiers.trees.J48Test
weka.classifiers.trees.M5PTest
weka.classifiers.trees.RandomTreeTest
weka.classifiers.trees.RandomForest
weka.classifiers.trees.RandomTree
weka.classifiers.trees.REPTree
weka.classifiers.trees.REPTree$Tree
weka.classifiers.trees.REPTreeTest
weka.classifiers.trees.DecisionStump
weka.classifiers.trees.RandomForestTest
weka.classifiers.trees.DecisionStumpTest
weka.classifiers.trees.LMTTest
weka.classifiers.trees.M5P
weka.classifiers.trees.LMT
weka.classifiers.trees.J48
weka.classifiers.rules.DecisionTableTest
weka.classifiers.rules.DecisionTable
weka.classifiers.rules.JRip$Antd
weka.classifiers.rules.JRip$NumericAntd
weka.classifiers.rules.ZeroR
weka.classifiers.rules.PART
weka.classifiers.rules.PARTTest
weka.classifiers.rules.OneRTest
weka.classifiers.rules.M5Rules
weka.classifiers.rules.DecisionTable$DummySubsetEvaluator
weka.classifiers.rules.JRipTest
weka.classifiers.rules.Rule
weka.classifiers.rules.JRip$NominalAntd
weka.classifiers.rules.OneR
weka.classifiers.rules.OneR$OneRRule
weka.classifiers.rules.JRip
weka.classifiers.rules.DecisionTableHashKey
weka.classifiers.rules.ZeroRTest
weka.classifiers.rules.JRip$RipperRule
weka.classifiers.rules.RuleStats
weka.classifiers.rules.M5RulesTest
weka.classifiers.functions.supportVector.CheckKernel
weka.classifiers.functions.supportVector.Puk
weka.classifiers.functions.supportVector.StringKernelTest
weka.classifiers.functions.supportVector.StringKernel
weka.classifiers.functions.supportVector.SMOset
weka.classifiers.functions.supportVector.PukTest
weka.classifiers.functions.supportVector.PolyKernelTest
weka.classifiers.functions.supportVector.Kernel
weka.classifiers.functions.supportVector.PolyKernel
weka.classifiers.functions.supportVector.RBFKernelTest
weka.classifiers.functions.supportVector.AllTests
weka.classifiers.functions.supportVector.NormalizedPolyKernelTest
weka.classifiers.functions.supportVector.PrecomputedKernelMatrixKernel
weka.classifiers.functions.supportVector.CachedKernel
weka.classifiers.functions.supportVector.PrecomputedKernelMatrixKernelTest
weka.classifiers.functions.supportVector.RegOptimizer
weka.classifiers.functions.supportVector.RegSMO
weka.classifiers.functions.supportVector.AbstractKernelTest
weka.classifiers.functions.supportVector.RBFKernel
weka.classifiers.functions.supportVector.RegSMOImproved
weka.classifiers.functions.supportVector.KernelEvaluation
weka.classifiers.functions.supportVector.NormalizedPolyKernel
weka.classifiers.bayes.net.estimate.SimpleEstimator
weka.classifiers.bayes.net.estimate.MultiNomialBMAEstimator
weka.classifiers.bayes.net.estimate.DiscreteEstimatorFullBayes
weka.classifiers.bayes.net.estimate.DiscreteEstimatorBayes
weka.classifiers.bayes.net.estimate.BayesNetEstimator
weka.classifiers.bayes.net.estimate.BMAEstimator
weka.experiment.LearningRateResultProducer
weka.experiment.RemoteExperiment$1
weka.experiment.CrossValidationSplitResultProducer
weka.experiment.ResultMatrixHTML
weka.experiment.PairedTTester$Resultset
weka.experiment.PairedTTester$DatasetSpecifiers
weka.experiment.Stats
weka.experiment.DatabaseUtils
weka.experiment.DatabaseResultListener
weka.experiment.ExplicitTestsetResultProducer
weka.experiment.CrossValidationResultProducer
weka.experiment.ResultMatrixLatex
weka.experiment.InstanceQuery
weka.experiment.CSVResultListener
weka.experiment.AveragingResultProducer
weka.experiment.PairedStats
weka.experiment.RemoteExperiment
weka.experiment.RemoteExperimentEvent
weka.experiment.CostSensitiveClassifierSplitEvaluator
weka.experiment.OutputZipper
weka.experiment.ResultMatrixSignificance
weka.experiment.RemoteEngine
weka.experiment.TaskStatusInfo
weka.experiment.RegressionSplitEvaluator
weka.experiment.ResultMatrixGnuPlot
weka.experiment.DatabaseResultProducer
weka.experiment.PairedStatsCorrected
weka.experiment.PairedTTester
weka.experiment.PairedTTester$Dataset
weka.experiment.PropertyNode
weka.experiment.RemoteExperimentSubTask
weka.experiment.DensityBasedClustererSplitEvaluator
weka.experiment.RemoteEngine$1
weka.experiment.PairedCorrectedTTester
weka.experiment.RemoteEngine$2
weka.experiment.ClassifierSplitEvaluator
weka.experiment.ResultMatrixPlainText
weka.experiment.RandomSplitResultProducer
weka.experiment.InstancesResultListener
weka.experiment.Experiment
weka.experiment.ResultMatrixCSV
weka.core.neighboursearch.kdtrees.MidPointOfWidestDimension
weka.core.neighboursearch.kdtrees.KDTreeNode
weka.core.neighboursearch.kdtrees.SlidingMidPointOfWidestSide
weka.core.neighboursearch.kdtrees.MedianOfWidestDimension
weka.core.neighboursearch.kdtrees.KMeansInpiredMethod
weka.core.neighboursearch.kdtrees.KDTreeNodeSplitter
weka.estimators.UnivariateNormalEstimator
weka.estimators.NormalEstimator
weka.estimators.CheckEstimator$AttrTypes
weka.estimators.UnivariateDensityEstimator
weka.estimators.KKConditionalEstimator
weka.estimators.UnivariateQuantileEstimator
weka.estimators.PoissonEstimator
weka.estimators.DiscreteEstimator
weka.estimators.MahalanobisEstimator
weka.estimators.CheckEstimator
weka.estimators.NNConditionalEstimator
weka.estimators.UnivariateEqualFrequencyHistogramEstimator
weka.estimators.KDConditionalEstimator
weka.estimators.ConditionalEstimator
weka.estimators.Estimator
weka.estimators.Estimator$Builder
weka.estimators.UnivariateIntervalEstimator
weka.estimators.DKConditionalEstimator
weka.estimators.CheckEstimator$PostProcessor
weka.estimators.CheckEstimator$EstTypes
weka.estimators.NDConditionalEstimator
weka.estimators.IncrementalEstimator
weka.estimators.EstimatorUtils
weka.estimators.DDConditionalEstimator
weka.estimators.UnivariateKernelEstimator
weka.estimators.KernelEstimator
weka.estimators.DNConditionalEstimator
weka.core.converters.LibSVMSaver
weka.core.converters.MatlabTest
weka.core.converters.ArffSaver
weka.core.converters.JSONSaver
weka.core.converters.C45Test
weka.core.converters.ArffTest
weka.core.converters.SerializedInstancesLoader
weka.core.converters.LibSVMTest
weka.core.converters.ArffLoader$ArffReader
weka.core.converters.SVMLightTest
weka.core.converters.CSVLoader
weka.core.converters.MatlabSaver
weka.core.converters.ArffLoader
weka.core.converters.CSVTest
weka.core.converters.C45Saver
weka.core.converters.SVMLightSaver
weka.core.converters.JSONLoader
weka.core.converters.SerializedInstancesTest
weka.core.converters.XRFFLoader
weka.core.converters.XRFFSaver
weka.core.converters.DatabaseSaver
weka.core.converters.MatlabLoader
weka.core.converters.ConverterUtils
weka.core.converters.TextDirectoryLoader
weka.core.converters.LibSVMLoader
weka.core.converters.CSVSaver
weka.core.converters.XRFFTest
weka.core.converters.DatabaseConnection
weka.core.converters.ConverterUtils$DataSource
weka.core.converters.SerializedInstancesSaver
weka.core.converters.SVMLightLoader
weka.core.converters.C45Loader
weka.core.converters.DatabaseLoader
weka.core.converters.ConverterUtils$DataSink
weka.core.converters.AllTests
weka.core.converters.JSONTest
weka.core.tokenizers.AbstractTokenizerTest
weka.core.tokenizers.NGramTokenizerTest
weka.core.tokenizers.AlphabeticTokenizer
weka.core.tokenizers.WordTokenizerTest
weka.core.tokenizers.WordTokenizer
weka.core.tokenizers.Tokenizer
weka.core.tokenizers.CharacterDelimitedTokenizer
weka.core.tokenizers.AllTests
weka.core.tokenizers.AlphabeticTokenizerTest
weka.core.tokenizers.NGramTokenizer
weka.core.neighboursearch.TreePerformanceStats
weka.core.neighboursearch.CoverTree
weka.core.neighboursearch.LinearNNSearch
weka.core.neighboursearch.CoverTree$CoverTreeNode
weka.core.neighboursearch.KDTreeTest
weka.core.neighboursearch.NearestNeighbourSearch$MyHeap
weka.core.neighboursearch.NearestNeighbourSearch$MyHeapElement
weka.core.neighboursearch.BallTree
weka.core.neighboursearch.NearestNeighbourSearch$NeighborNode
weka.core.neighboursearch.KDTree
weka.core.neighboursearch.CoverTreeTest
weka.core.neighboursearch.LinearNNSearchTest
weka.core.neighboursearch.PerformanceStats
weka.core.neighboursearch.NearestNeighbourSearch$NeighborList
weka.core.neighboursearch.CoverTree$MyHeapElement
weka.core.neighboursearch.AbstractNearestNeighbourSearchTest
weka.core.neighboursearch.CoverTree$DistanceNode
weka.core.neighboursearch.NearestNeighbourSearch
weka.core.neighboursearch.CoverTree$MyHeap
weka.core.neighboursearch.AllTests
weka.core.neighboursearch.CoverTree$d_node
weka.core.neighboursearch.BallTreeTest
weka.classifiers.functions.supportVector.CheckKernel
weka.classifiers.functions.supportVector.Puk
weka.classifiers.functions.supportVector.StringKernelTest
weka.classifiers.functions.supportVector.StringKernel
weka.classifiers.functions.supportVector.SMOset
weka.classifiers.functions.supportVector.PukTest
weka.classifiers.functions.supportVector.PolyKernelTest
weka.classifiers.functions.supportVector.PolyKernel
weka.classifiers.functions.supportVector.RBFKernelTest
weka.classifiers.functions.supportVector.AllTests
weka.classifiers.functions.supportVector.NormalizedPolyKernelTest
weka.classifiers.functions.supportVector.PrecomputedKernelMatrixKernel
weka.classifiers.functions.supportVector.PrecomputedKernelMatrixKernelTest
weka.classifiers.functions.supportVector.RegOptimizer
weka.classifiers.functions.supportVector.RegSMO
weka.classifiers.functions.supportVector.RBFKernel
weka.classifiers.functions.supportVector.RegSMOImproved
weka.classifiers.functions.supportVector.KernelEvaluation
weka.classifiers.functions.supportVector.NormalizedPolyKernel
weka.experiment.LearningRateResultProducer
weka.experiment.RemoteExperiment$1
weka.experiment.CrossValidationSplitResultProducer
weka.experiment.ResultMatrixHTML
weka.experiment.PairedTTester$Resultset
weka.experiment.PairedTTester$DatasetSpecifiers
weka.experiment.Stats
weka.experiment.DatabaseUtils
weka.experiment.DatabaseResultListener
weka.experiment.ExplicitTestsetResultProducer
weka.experiment.CrossValidationResultProducer
weka.experiment.ResultMatrixLatex
weka.experiment.InstanceQuery
weka.experiment.CSVResultListener
weka.experiment.AveragingResultProducer
weka.experiment.PairedStats
weka.experiment.RemoteExperiment
weka.experiment.RemoteExperimentEvent
weka.experiment.CostSensitiveClassifierSplitEvaluator
weka.experiment.OutputZipper
weka.experiment.ResultMatrixSignificance
weka.experiment.RemoteEngine
weka.experiment.TaskStatusInfo
weka.experiment.RegressionSplitEvaluator
weka.experiment.ResultMatrixGnuPlot
weka.experiment.DatabaseResultProducer
weka.experiment.PairedStatsCorrected
weka.experiment.PairedTTester
weka.experiment.PairedTTester$Dataset
weka.experiment.PropertyNode
weka.experiment.RemoteExperimentSubTask
weka.experiment.DensityBasedClustererSplitEvaluator
weka.experiment.RemoteEngine$1
weka.experiment.PairedCorrectedTTester
weka.experiment.RemoteEngine$2
weka.experiment.ClassifierSplitEvaluator
weka.experiment.ResultMatrixPlainText
weka.experiment.RandomSplitResultProducer
weka.experiment.InstancesResultListener
weka.experiment.Experiment
weka.experiment.ResultMatrixCSV
weka.datagenerators.classifiers.classification.Agrawal$3
weka.datagenerators.classifiers.classification.Agrawal$4
weka.datagenerators.classifiers.classification.Agrawal$1
weka.datagenerators.classifiers.classification.Agrawal$2
weka.datagenerators.classifiers.classification.Agrawal
weka.datagenerators.classifiers.classification.Agrawal$7
weka.datagenerators.classifiers.classification.Agrawal$8
weka.datagenerators.classifiers.classification.Agrawal$5
weka.datagenerators.classifiers.classification.Agrawal$6
weka.datagenerators.classifiers.classification.RDG1
weka.datagenerators.classifiers.classification.LED24
weka.datagenerators.classifiers.classification.BayesNet
weka.datagenerators.classifiers.classification.RandomRBFTest
weka.datagenerators.classifiers.classification.RandomRBF
weka.datagenerators.classifiers.classification.AgrawalTest
weka.datagenerators.classifiers.classification.Agrawal$ClassFunction
weka.datagenerators.classifiers.classification.RDG1Test
weka.datagenerators.classifiers.classification.BayesNetTest
weka.datagenerators.classifiers.classification.RDG1$RuleList
weka.datagenerators.classifiers.classification.Agrawal$10
weka.datagenerators.classifiers.classification.Agrawal$9
weka.datagenerators.classifiers.classification.LED24Test
weka.datagenerators.classifiers.regression.ExpressionTest
weka.datagenerators.classifiers.regression.MexicanHat
weka.datagenerators.classifiers.regression.Expression
weka.datagenerators.classifiers.regression.MexicanHatTest
weka.datagenerators.clusterers.SubspaceClusterTest
weka.datagenerators.clusterers.BIRCHCluster$GridVector
weka.datagenerators.clusterers.SubspaceClusterDefinition
weka.datagenerators.clusterers.BIRCHClusterTest
weka.datagenerators.clusterers.SubspaceClusterDefinitionTest
weka.datagenerators.clusterers.BIRCHCluster$Cluster
weka.datagenerators.clusterers.BIRCHCluster
weka.datagenerators.clusterers.SubspaceCluster
weka.datagenerators.ClusterGenerator
weka.datagenerators.DataGenerator
weka.datagenerators.Test
weka.datagenerators.ClusterDefinition
weka.datagenerators.AbstractClusterDefinitionTest
weka.datagenerators.AllTests
weka.datagenerators.RegressionGenerator
weka.datagenerators.AbstractDataGeneratorTest
weka.datagenerators.ClassificationGenerator
weka.datagenerators.clusterers.SubspaceClusterTest
weka.datagenerators.clusterers.BIRCHCluster$GridVector
weka.datagenerators.clusterers.SubspaceClusterDefinition
weka.datagenerators.clusterers.BIRCHClusterTest
weka.datagenerators.clusterers.SubspaceClusterDefinitionTest
weka.datagenerators.clusterers.BIRCHCluster$Cluster
weka.datagenerators.clusterers.BIRCHCluster
weka.datagenerators.clusterers.SubspaceCluster
weka.clusterers.SimpleKMeansTest
weka.clusterers.HierarchicalClustererTest
weka.clusterers.Cobweb$CNode
weka.clusterers.AllTests
weka.clusterers.HierarchicalClusterer$Node
weka.clusterers.AbstractDensityBasedClusterer
weka.clusterers.RandomizableClusterer
weka.clusterers.NumberOfClustersRequestable
weka.clusterers.SingleClustererEnhancer
weka.clusterers.AbstractClustererTest
weka.clusterers.Cobweb
weka.clusterers.ClusterEvaluation
weka.clusterers.EMTest
weka.clusterers.FilteredClustererTest
weka.clusterers.CobwebTest
weka.clusterers.RandomizableDensityBasedClusterer
weka.clusterers.SimpleKMeans
weka.clusterers.DensityBasedClusterer
weka.clusterers.UpdateableClusterer
weka.clusterers.FarthestFirstTest
weka.clusterers.MakeDensityBasedClustererTest
weka.clusterers.MakeDensityBasedClusterer
weka.clusterers.Clusterer
weka.clusterers.HierarchicalClusterer
weka.clusterers.RandomizableSingleClustererEnhancer
weka.clusterers.HierarchicalClusterer$TupleComparator
weka.clusterers.HierarchicalClusterer$Tuple
weka.clusterers.FilteredClusterer
weka.clusterers.FarthestFirst
weka.clusterers.AbstractClusterer
weka.clusterers.EM
weka.clusterers.CheckClusterer
weka.core.converters.LibSVMSaver
weka.core.converters.MatlabTest
weka.core.converters.ArffSaver
weka.core.converters.JSONSaver
weka.core.converters.C45Test
weka.core.converters.ArffTest
weka.core.converters.SerializedInstancesLoader
weka.core.converters.LibSVMTest
weka.core.converters.ArffLoader$ArffReader
weka.core.converters.SVMLightTest
weka.core.converters.CSVLoader
weka.core.converters.MatlabSaver
weka.core.converters.ArffLoader
weka.core.converters.CSVTest
weka.core.converters.C45Saver
weka.core.converters.SVMLightSaver
weka.core.converters.JSONLoader
weka.core.converters.SerializedInstancesTest
weka.core.converters.XRFFLoader
weka.core.converters.XRFFSaver
weka.core.converters.DatabaseSaver
weka.core.converters.MatlabLoader
weka.core.converters.ConverterUtils
weka.core.converters.TextDirectoryLoader
weka.core.converters.LibSVMLoader
weka.core.converters.CSVSaver
weka.core.converters.XRFFTest
weka.core.converters.DatabaseConnection
weka.core.converters.ConverterUtils$DataSource
weka.core.converters.SerializedInstancesSaver
weka.core.converters.SVMLightLoader
weka.core.converters.C45Loader
weka.core.converters.DatabaseLoader
weka.core.converters.ConverterUtils$DataSink
weka.core.converters.AllTests
weka.core.converters.JSONTest
weka.core.converters.LibSVMSaver
weka.core.converters.MatlabTest
weka.core.converters.ArffSaver
weka.core.converters.JSONSaver
weka.core.converters.C45Test
weka.core.converters.ArffTest
weka.core.converters.SerializedInstancesLoader
weka.core.converters.LibSVMTest
weka.core.converters.ArffLoader$ArffReader
weka.core.converters.SVMLightTest
weka.core.converters.CSVLoader
weka.core.converters.MatlabSaver
weka.core.converters.ArffLoader
weka.core.converters.CSVTest
weka.core.converters.C45Saver
weka.core.converters.SVMLightSaver
weka.core.converters.JSONLoader
weka.core.converters.SerializedInstancesTest
weka.core.converters.XRFFLoader
weka.core.converters.XRFFSaver
weka.core.converters.DatabaseSaver
weka.core.converters.MatlabLoader
weka.core.converters.ConverterUtils
weka.core.converters.TextDirectoryLoader
weka.core.converters.LibSVMLoader
weka.core.converters.CSVSaver
weka.core.converters.XRFFTest
weka.core.converters.DatabaseConnection
weka.core.converters.ConverterUtils$DataSource
weka.core.converters.SerializedInstancesSaver
weka.core.converters.SVMLightLoader
weka.core.converters.C45Loader
weka.core.converters.DatabaseLoader
weka.core.converters.ConverterUtils$DataSink
weka.core.converters.AllTests
weka.core.converters.JSONTest
weka.clusterers.SimpleKMeansTest
weka.clusterers.HierarchicalClustererTest
weka.clusterers.Cobweb$CNode
weka.clusterers.AllTests
weka.clusterers.HierarchicalClusterer$Node
weka.clusterers.Cobweb
weka.clusterers.ClusterEvaluation
weka.clusterers.EMTest
weka.clusterers.FilteredClustererTest
weka.clusterers.CobwebTest
weka.clusterers.SimpleKMeans
weka.clusterers.FarthestFirstTest
weka.clusterers.MakeDensityBasedClustererTest
weka.clusterers.MakeDensityBasedClusterer
weka.clusterers.HierarchicalClusterer
weka.clusterers.HierarchicalClusterer$TupleComparator
weka.clusterers.HierarchicalClusterer$Tuple
weka.clusterers.FilteredClusterer
weka.clusterers.FarthestFirst
weka.clusterers.EM
weka.clusterers.CheckClusterer
weka.gui.visualize.PrintableComponent$1
weka.gui.visualize.PrintableComponent$2
weka.gui.visualize.PrintableComponent$3
weka.gui.visualize.PrintableComponent$4
weka.gui.visualize.PrintableComponent$PrintMouseListener
weka.gui.visualize.PNGWriter
weka.gui.visualize.VisualizePanel
weka.gui.visualize.MatrixPanel$6$1
weka.gui.visualize.LegendPanel$LegendEntry
weka.gui.visualize.AttributePanel$AttributeSpacing$1
weka.gui.visualize.MatrixPanel$6$2
weka.gui.visualize.VisualizePanel$PlotPanel
weka.gui.visualize.VisualizePanel$9
weka.gui.visualize.JPEGWriter
weka.gui.visualize.BMPWriter
weka.gui.visualize.Plot2D$1
weka.gui.visualize.VisualizePanel$6
weka.gui.visualize.ThresholdVisualizePanel$3
weka.gui.visualize.VisualizePanel$5
weka.gui.visualize.ThresholdVisualizePanel$2
weka.gui.visualize.JComponentWriter
weka.gui.visualize.VisualizePanel$8
weka.gui.visualize.ThresholdVisualizePanel$1
weka.gui.visualize.VisualizePanel$7
weka.gui.visualize.VisualizePanel$2
weka.gui.visualize.VisualizePanel$1
weka.gui.visualize.VisualizePanel$4
weka.gui.visualize.VisualizePanel$3
weka.gui.visualize.MatrixPanel$Plot
weka.gui.visualize.PlotData2D
weka.gui.visualize.Plot2D$2
weka.gui.visualize.AttributePanel$3
weka.gui.visualize.Plot2D$3
weka.gui.visualize.AttributePanel$2
weka.gui.visualize.VisualizePanelEvent
weka.gui.visualize.AttributePanel$1
weka.gui.visualize.VisualizePanel$PlotPanel$2
weka.gui.visualize.VisualizePanel$PlotPanel$3
weka.gui.visualize.VisualizePanel$PlotPanel$4
weka.gui.visualize.PrintableComponent$JComponentWriterFileFilter
weka.gui.visualize.VisualizePanel$PlotPanel$1
weka.gui.visualize.MatrixPanel
weka.gui.visualize.Plot2DCompanion
weka.gui.visualize.MatrixPanel$1$3
weka.gui.visualize.PrintableHandler
weka.gui.visualize.ClassPanel$1
weka.gui.visualize.ClassPanel$NomLabel$1
weka.gui.visualize.Plot2D
weka.gui.visualize.AttributePanel
weka.gui.visualize.MatrixPanel$1$2
weka.gui.visualize.PostscriptGraphics
weka.gui.visualize.MatrixPanel$1$1
weka.gui.visualize.LegendPanel$LegendEntry$2
weka.gui.visualize.MatrixPanel$5
weka.gui.visualize.LegendPanel$LegendEntry$1
weka.gui.visualize.MatrixPanel$4
weka.gui.visualize.ThresholdVisualizePanel
weka.gui.visualize.MatrixPanel$7
weka.gui.visualize.MatrixPanel$6
weka.gui.visualize.PostscriptWriter
weka.gui.visualize.MatrixPanel$1
weka.gui.visualize.InstanceInfo
weka.gui.visualize.MatrixPanel$3
weka.gui.visualize.VisualizeUtils
weka.gui.visualize.MatrixPanel$2
weka.gui.visualize.PostscriptGraphics$GraphicsState
weka.gui.visualize.ClassPanel
weka.gui.visualize.LegendPanel
weka.gui.visualize.ClassPanel$NomLabel
weka.gui.visualize.AttributePanelEvent
weka.gui.visualize.InstanceInfoFrame
weka.gui.visualize.MatrixPanel$8
weka.gui.visualize.AttributePanel$AttributeSpacing
weka.gui.visualize.MatrixPanel$9
weka.gui.visualize.PrintablePanel
weka.gui.visualize.LegendPanel$1
weka.gui.visualize.MatrixPanel$Plot$2
weka.gui.visualize.PrintableComponent
weka.gui.visualize.MatrixPanel$Plot$1
weka.gui.visualize.AttributePanelListener
weka.gui.visualize.VisualizePanelListener
weka.core.converters.TextDirectoryLoader
weka.core.converters.Saver
weka.core.converters.LibSVMLoader
weka.core.converters.CSVSaver
weka.core.converters.XRFFTest
weka.core.converters.DatabaseConverter
weka.core.converters.DatabaseConnection
weka.core.converters.ConverterUtils$DataSource
weka.core.converters.AbstractConverterTest
weka.core.converters.SerializedInstancesSaver
weka.core.converters.SVMLightLoader
weka.core.converters.BatchConverter
weka.core.converters.C45Loader
weka.core.converters.DatabaseLoader
weka.core.converters.ConverterUtils$DataSink
weka.core.converters.AllTests
weka.core.converters.JSONTest
[KnowledgeFlow] Loading properties and plugins...
[KnowledgeFlow] Initializing KF...
